
Gurobi 6.5.1 (win64) logging started 05/23/16 12:50:38

Parameter OutputFlag unchanged
   Value: 1  Min: 0  Max: 1  Default: 1
Changed value of parameter Threads to 12
   Prev: 0  Min: 0  Max: 1024  Default: 0
Optimize a model with 3809 rows, 2606 columns and 10409 nonzeros
Coefficient statistics:
  Matrix range    [1e-03, 1e+07]
  Objective range [1e+00, 1e+00]
  Bounds range    [1e+00, 1e+00]
  RHS range       [2e+01, 1e+07]
Presolve removed 3 rows and 2 columns
Presolve time: 0.11s
Presolved: 3806 rows, 2604 columns, 10402 nonzeros

Warning: Thread count (12) is larger than core count (2)
         Reduce the value of the Threads parameter to improve performance

Variable types: 1402 continuous, 1202 integer (1202 binary)

Root relaxation: objective 0.000000e+00, 1093 iterations, 0.06 seconds

    Nodes    |    Current Node    |     Objective Bounds      |     Work
 Expl Unexpl |  Obj  Depth IntInf | Incumbent    BestBd   Gap | It/Node Time

     0     0    0.00000    0   25          -    0.00000      -     -    1s
     0     0    0.00000    0  325          -    0.00000      -     -    2s
     0     0    0.00000    0  325          -    0.00000      -     -    3s
     0     0    0.07172    0  358          -    0.07172      -     -    5s
     0     0    0.07172    0  497          -    0.07172      -     -    5s
     0     0    0.07172    0  402          -    0.07172      -     -    8s
     0     0    0.07172    0  227          -    0.07172      -     -    9s
     0     2    0.07172    0   86          -    0.07172      -     -   12s
     8    12   20.60000    4  182          -   20.60000      -   859   15s
   233   152   20.60000   20  236          -   20.60000      -   163   21s
   495   272   20.60000   20  207          -   20.60000      -   165   26s
   823   473 infeasible   38               -   20.60000      -   136   33s
   909   464 infeasible   39               -   20.60000      -   135   36s
  1111   551   20.60000   13  206          -   20.60000      -   128   40s
  1692   676 infeasible   36               -   20.60000      -   113   50s
  2409   763   20.60000   27  104          -   20.60000      -   103   60s
  2739   766   20.60000   39  152          -   20.60000      -   104   66s
  3229   748   20.60000   64  139          -   20.60000      -  97.8   72s
  3696   830   20.60000   54  107          -   20.60000      -  96.0   78s
  3998   886   20.60000   64  125          -   20.60000      -  98.5   87s
  4369   925   20.60000   76  150          -   20.60000      -   100   95s
  4742   910 infeasible   80               -   20.60000      -   101  105s
  5161   919   20.60000   72  125          -   20.60000      -   100  113s
  5565   925 infeasible   34               -   20.60000      -   101  122s
  6023   954   20.60000   33  104          -   20.60000      -   102  133s
  6494   984 infeasible   40               -   20.60000      -   103  147s
  6869   987 infeasible   20               -   20.60000      -   106  161s
  7300   967   20.60000   20   83          -   20.60000      -   109  173s
  7782   985 infeasible   14               -   20.60000      -   111  190s
  8427  1042 infeasible   26               -   20.60000      -   113  209s
  9024  1204   20.60000   69  227          -   20.60000      -   114  211s
  9028  1207   20.60000   19   33          -   20.60000      -   114  215s
  9030  1210   20.60000   13  167          -   20.60000      -   1.0  222s
  9031  1211   42.90000   13  331          -   20.60000      -   1.1  225s
  9036  1212   20.60000   16  218          -   20.60000      -   1.5  239s
  9037  1214 infeasible   16               -   20.60000      -   1.5  240s
  9040  1211   20.60000   17  216          -   20.60000      -   1.6  247s
  9170  1168   20.60000   16  329          -   20.60000      -   2.1  264s
  9615  1049 infeasible  117               -   20.60000      -   4.9  286s
  9718  1023   20.60000   22  237          -   20.60000      -   9.2  320s
 11334  1581 infeasible   26               -   20.60000      -  17.8  354s
 11534  1461   20.60000   63  169          -   20.60000      -  23.1  385s
 15461  2983 infeasible   84               -   20.60000      -  35.6  414s
 15694  2901 infeasible   77               -   20.60000      -  40.6  458s
 16622  2971 infeasible   66               -   20.60000      -  45.0  512s
 23141  4335 infeasible   65               -   20.60000      -  45.7  542s
 23397  4132 infeasible   92               -   20.60000      -  47.5  579s
 23611  4044   20.60000   96  214          -   20.60000      -  50.7  629s
 27911  5155   20.60000  150   75          -   20.60000      -  51.9  630s
 28872  5235 infeasible   78               -   20.60000      -  52.2  666s
 29069  5136   20.60000   78  166          -   20.60000      -  54.1  704s
 33931  6239 infeasible   83               -   20.60000      -  53.2  705s
 35562  6387 infeasible  120               -   20.60000      -  53.0  730s
 35767  6166 infeasible   82               -   20.60000      -  54.1  753s
 35999  5918 infeasible  117               -   20.60000      -  55.2  767s
 36247  5733 infeasible  101               -   20.60000      -  56.1  798s
 41101  6788   20.60000   94  227          -   20.60000      -  54.0  872s
 41107  6792   20.60000   82   18          -   20.60000      -  54.0  879s
 41109  6793   20.60000   34   17          -   20.60000      -  54.0  882s
 41110  6794   20.60000   95   18          -   20.60000      -  54.0  886s
 41114  6799   42.90000   27   64          -   20.60000      -  54.2  890s
 41117  6801   20.60000   29  311          -   20.60000      -  54.3  895s
 41118  6801   20.60000   29  160          -   20.60000      -  54.3  900s
 41123  6800   20.60000   31  115          -   20.60000      -  54.3  924s
 41154  6786   20.60000   45  136          -   20.60000      -  54.6  949s
 41736  6856   20.60000   43  132          -   20.60000      -  56.1 1056s
 42110  6554   20.60000   41  112          -   20.60000      -  64.5 1139s
 45944  6805 infeasible  133               -   20.60000      -  77.0 1180s
 46217  6463 infeasible   86               -   20.60000      -  78.2 1223s
 49001  6405 infeasible  117               -   20.60000      -  83.3 1255s
 51283  6469 infeasible  167               -   20.60000      -  86.8 1296s
 51563  6124 infeasible  159               -   20.60000      -  87.7 1326s
 53802  6212 infeasible  157               -   20.60000      -  90.1 1360s
 54059  5873 infeasible  149               -   20.60000      -  89.9 1412s
 54341  5529 infeasible  124               -   20.60000      -  89.7 1432s
 56461  5537 infeasible  167               -   20.60000      -  90.9 1447s
 58158  5443 infeasible  137               -   20.60000      -  91.6 1452s
 58865  5151 infeasible  137               -   20.60000      -  91.5 1466s
 59117  4815 infeasible  167               -   20.60000      -  91.6 1477s
 60295  4608 infeasible  117               -   20.60000      -  91.9 1481s
 60547  4278 infeasible  127               -   20.60000      -  91.5 1499s
 60819  3941 infeasible  156               -   20.60000      -  91.4 1535s
 63680  4832 infeasible  138               -   20.60000      -  93.3 1577s
 63935  4585   20.60000   51   96          -   20.60000      -  93.5 1602s
 66491  5467 infeasible  117               -   20.60000      -  94.9 1614s
 66743  5260   20.60000   80   20          -   20.60000      -  95.1 1669s
 71746  7254 infeasible  149               -   20.60000      -  98.4 1670s
 71753  7134 infeasible   97               -   20.60000      -  98.4 1738s
 71982  6892 infeasible   97               -   20.60000      -  99.0 1784s
 76096  8448 infeasible   77               -   20.60000      -   101 1834s
 76237  8197 infeasible  109               -   20.60000      -   102 1867s
 79124  9139 infeasible  107               -   20.60000      -   103 1915s
 79288  8887 infeasible   80               -   20.60000      -   104 1933s
 81198  9345 infeasible  107               -   20.60000      -   104 1944s
 82567  9544 infeasible  107               -   20.60000      -   104 1957s
 84160  9761   20.60000  109    3          -   20.60000      -   104 1963s
 85065  9777 infeasible  135               -   20.60000      -   104 1965s
 85317  9539 infeasible  135               -   20.60000      -   104 1990s
 85555  9287 infeasible   87               -   20.60000      -   104 2003s
 86975  9518 infeasible   83               -   20.60000      -   104 2014s
 88121  9582 infeasible  117               -   20.60000      -   104 2026s
 88365  9330 infeasible  129               -   20.60000      -   103 2033s
 89255  9282 infeasible   97               -   20.60000      -   103 2039s
 89507  9030 infeasible   78               -   20.60000      -   103 2051s
 91149  9354 infeasible  122               -   20.60000      -   103 2074s
 91358  9102 infeasible  122               -   20.60000      -   103 2085s
 92901  9354 infeasible  117               -   20.60000      -   103 2105s
 93135  9102 infeasible  113               -   20.60000      -   103 2112s
 94053  9101 infeasible  109               -   20.60000      -   103 2120s
 94995  9130 infeasible  107               -   20.60000      -   103 2127s
 95791  9062 infeasible  117               -   20.60000      -   102 2141s
 96043  8817 infeasible   77               -   20.60000      -   102 2164s
 98207  9388 infeasible  112               -   20.60000      -   103 2201s
 98417  9137 infeasible  116               -   20.60000      -   103 2219s
 100329  9541 infeasible  107               -   20.60000      -   103 2233s
 101990  9875 infeasible  113               -   20.60000      -   103 2248s
 102242  9623 infeasible  130               -   20.60000      -   103 2262s
 103723  9895 infeasible  108               -   20.60000      -   104 2275s
 103975  9643   20.60000   87   99          -   20.60000      -   103 2292s
 105108  9746 infeasible  106               -   20.60000      -   103 2299s
 105360  9494 infeasible   93               -   20.60000      -   103 2311s
 106759  9739 infeasible  130               -   20.60000      -   103 2327s
 106998  9487 infeasible  130               -   20.60000      -   103 2331s
 107674  9335 infeasible  116               -   20.60000      -   103 2340s
 107926  9083 infeasible  107               -   20.60000      -   103 2353s
 109436  9372 infeasible  117               -   20.60000      -   103 2391s
 109599  9120 infeasible  108               -   20.60000      -   103 2404s
 110859  9206 infeasible  127               -   20.60000      -   103 2412s
 111803  9217 infeasible   77               -   20.60000      -   103 2417s
 112562  9151 infeasible   70               -   20.60000      -   103 2428s
 113911  8982 infeasible   86               -   20.60000      -   102 2470s
 114133  8730 infeasible   87               -   20.60000      -   103 2481s
 115616  8886 infeasible  127               -   20.60000      -   102 2489s
 116550  8878 infeasible  105               -   20.60000      -   102 2499s
 117580  8871 infeasible   97               -   20.60000      -   102 2509s
 118538  8823 infeasible   97               -   20.60000      -   102 2517s
 118789  8581 infeasible  120               -   20.60000      -   102 2527s
 120068  8632 infeasible   97               -   20.60000      -   102 2536s
 120321  8456 infeasible  105               -   20.60000      -   102 2570s
 120497  8204 infeasible   89               -   20.60000      -   102 2578s
 121547  8177 infeasible   87               -   20.60000      -   102 2586s
 122582  8180 infeasible   77               -   20.60000      -   101 2594s
 123476  8130 infeasible  107               -   20.60000      -   101 2600s
 124378  8110 infeasible  109               -   20.60000      -   101 2610s
 125516  8164 infeasible   77               -   20.60000      -   101 2617s
 126681  7970 infeasible   93               -   20.60000      -   101 2660s
 126836  7718   20.60000   84   49          -   20.60000      -   101 2669s
 128063  7776 infeasible  107               -   20.60000      -   101 2684s
 129660  8014   20.60000   96   23          -   20.60000      -   101 2691s
 131247  7805 infeasible  111               -   20.60000      -   100 2699s
 131993  7735 infeasible  105               -   20.60000      -   100 2704s
 132795  7668 infeasible  107               -   20.60000      -   100 2709s
 133564  7607 infeasible   94               -   20.60000      -   100 2739s
 133777  7355 infeasible   93               -   20.60000      -   100 2748s
 134832  7381 infeasible   81               -   20.60000      -   100 2762s
 136426  7648 infeasible  117               -   20.60000      -   100 2771s
 137558  7376 infeasible   92               -   20.60000      -   100 2777s
 137810  7124 infeasible   97               -   20.60000      -   100 2787s
 138849  7154 infeasible  111               -   20.60000      -   100 2798s
 139094  6902 infeasible  120               -   20.60000      -   100 2806s
 140165  6949 infeasible   97               -   20.60000      -   100 2819s
 140412  6697 infeasible  146               -   20.60000      -   100 2829s
 141810  6879 infeasible  107               -   20.60000      -   100 2849s
 142060  6627 infeasible  116               -   20.60000      -   100 2864s
 143605  6879 infeasible   87               -   20.60000      -   100 2872s
 144849  6654 infeasible   84               -   20.60000      -   100 2880s
 145101  6402 infeasible   60               -   20.60000      -  99.4 2889s
 146453  6593 infeasible   87               -   20.60000      -  99.3 2908s
 146705  6341 infeasible   72               -   20.60000      -   100 2918s
 147946  6443 infeasible   97               -   20.60000      -  99.4 2924s
 148902  6455 infeasible   87               -   20.60000      -  99.3 2925s
 149154  6235 infeasible   92               -   20.60000      -  99.2 2957s
 149374  5983   20.60000   83  106          -   20.60000      -   100 2968s
 151008  6185 infeasible  117               -   20.60000      -  99.4 2981s
 152719  6165 infeasible   91               -   20.60000      -  99.4 2987s
 152971  5925 infeasible   89               -   20.60000      -  99.3 3005s
 153211  5673 infeasible   85               -   20.60000      -  99.2 3016s
 154489  5816 infeasible   90               -   20.60000      -  99.1 3025s
 155690  5982 infeasible   72               -   20.60000      -  99.1 3031s
 155942  5730 infeasible   91               -   20.60000      -  99.0 3036s
 156194  5593 infeasible   75               -   20.60000      -  98.9 3068s
 156331  5341 infeasible  183               -   20.60000      -  99.0 3077s
 157467  5391 infeasible  132               -   20.60000      -  98.9 3086s
 158433  5440   20.60000   78  113          -   20.60000      -  99.0 3096s
 159502  5475 infeasible   77               -   20.60000      -  98.9 3104s
 160323  5394 infeasible   96               -   20.60000      -  98.8 3105s
 160575  5203 infeasible   86               -   20.60000      -  98.6 3135s
 160766  4951 infeasible  128               -   20.60000      -  98.9 3147s
 162126  5299 infeasible  147               -   20.60000      -  98.9 3152s
 162838  5226 infeasible  133               -   20.60000      -  98.8 3157s
 163579  5143 infeasible  121               -   20.60000      -  98.6 3163s
 164337  5033 infeasible  124               -   20.60000      -  98.5 3166s
 164589  4781 infeasible  155               -   20.60000      -  98.4 3171s
 164841  4567 infeasible   82               -   20.60000      -  98.3 3195s
 166567  5102 infeasible   46               -   20.60000      -  99.2 3209s
 166814  4868 infeasible   67               -   20.60000      -  99.1 3228s
 167055  4629 infeasible  150               -   20.60000      -  99.5 3244s
 167294  4441 infeasible  157               -   20.60000      -  99.4 3293s
 167482  4245 infeasible  151               -   20.60000      -  99.4 3311s
 168736  4546 infeasible  120               -   20.60000      -   100 3319s
 169623  4638 infeasible  137               -   20.60000      -   100 3328s
 170271  4605 infeasible  157               -   20.60000      -   100 3333s
 170781  4492 infeasible  156               -   20.60000      -   100 3341s
 172029  4386 infeasible  195               -   20.60000      -  99.3 3348s
 172600  4291 infeasible  187               -   20.60000      -  99.3 3352s
 172852  4042 infeasible  158               -   20.60000      -  99.3 3359s
 173101  3858 infeasible   99               -   20.60000      -  99.2 3376s
 173314  3637 infeasible  139               -   20.60000      -  99.2 3387s
 174324  3806 infeasible  138               -   20.60000      -  99.2 3399s
 174915  3775 infeasible  121               -   20.60000      -  99.3 3412s
 175147  3518 infeasible  134               -   20.60000      -  99.2 3420s
 176117  3637 infeasible  183               -   20.60000      -  99.2 3426s
 176755  3574 infeasible  157               -   20.60000      -  99.2 3430s
 177007  3322 infeasible   58               -   20.60000      -  99.1 3438s
 177967  3433 infeasible  127               -   20.60000      -  99.1 3444s
 178214  3190 infeasible  125               -   20.60000      -  99.0 3453s
 178466  2939 infeasible  155               -   20.60000      -  98.9 3458s
 178718  2696   20.60000  103   83          -   20.60000      -  98.9 3475s
 180368  3115 infeasible   87               -   20.60000      -  99.1 3481s
 180881  2612 infeasible  148               -   20.60000      -  98.9 3494s
 181132  2362 infeasible  133               -   20.60000      -  98.9 3509s
 181386  2225 infeasible  107               -   20.60000      -  99.0 3530s
 182786  2644 infeasible  127               -   20.60000      -  99.4 3535s
 183043  2404 infeasible  109               -   20.60000      -  99.3 3540s
 183294  2234 infeasible   84               -   20.60000      -  99.4 3566s
 183494  2053 infeasible   56               -   20.60000      -  99.4 3581s
 183972  1989 infeasible   97               -   20.60000      -   100 3598s
 185290  2237 infeasible   58               -   20.60000      -   100 3609s
 185505  2091 infeasible   99               -   20.60000      -   100 3631s
 185678  1929 infeasible  113               -   20.60000      -   100 3653s
 187079  2239 infeasible   57               -   20.60000      -   101 3670s
 187320  2034   20.60000   65   94          -   20.60000      -   101 3684s
 188323  2146 infeasible  137               -   20.60000      -   101 3695s
 188558  1964 infeasible   69               -   20.60000      -   101 3711s
 188762  1764   20.60000   38   24          -   20.60000      -   101 3728s
 190155  2094 infeasible  108               -   20.60000      -   102 3742s
 190366  1872 infeasible  141               -   20.60000      -   102 3751s
 190627  1664 infeasible   92               -   20.60000      -   102 3766s
 191673  1760 infeasible  157               -   20.60000      -   102 3775s
 191916  1544 infeasible   62               -   20.60000      -   102 3790s
 192145  1335 infeasible  114               -   20.60000      -   102 3805s
 193101  1552 infeasible  168               -   20.60000      -   103 3832s
 193317  1424 infeasible  185               -   20.60000      -   103 3854s
 194663  1886 infeasible  147               -   20.60000      -   103 3884s
*194711    25             114      20.6000000   20.60000  0.00%   103 3884s

Cutting planes:
  Learned: 1
  Gomory: 4
  Implied bound: 4
  Clique: 25
  MIR: 16
  Flow cover: 38

Explored 194900 nodes (21175416 simplex iterations) in 3884.72 seconds
Thread count was 12 (of 2 available processors)

Optimal solution found (tolerance 1.00e-04)
Best objective 2.059999999963e+01, best bound 2.059999999963e+01, gap 0.0%
Parameter OutputFlag unchanged
   Value: 1  Min: 0  Max: 1  Default: 1
Changed value of parameter Threads to 16
   Prev: 0  Min: 0  Max: 1024  Default: 0
Optimize a model with 5012 rows, 3408 columns and 13812 nonzeros
Coefficient statistics:
  Matrix range    [1e-03, 1e+07]
  Objective range [1e+00, 1e+00]
  Bounds range    [1e+00, 1e+00]
  RHS range       [2e+01, 1e+07]
Presolve time: 0.12s
Presolved: 5012 rows, 3408 columns, 13812 nonzeros

Warning: Thread count (16) is larger than core count (2)
         Reduce the value of the Threads parameter to improve performance

Variable types: 1804 continuous, 1604 integer (1604 binary)

Root relaxation: objective 0.000000e+00, 1416 iterations, 0.09 seconds

    Nodes    |    Current Node    |     Objective Bounds      |     Work
 Expl Unexpl |  Obj  Depth IntInf | Incumbent    BestBd   Gap | It/Node Time

     0     0    0.00000    0   56          -    0.00000      -     -    1s
     0     0    0.00000    0  281          -    0.00000      -     -    2s
     0     0    0.00000    0  297          -    0.00000      -     -    3s
H    0     0                       0.0000000    0.00000  0.00%     -    3s

Cutting planes:
  Gomory: 6
  Cover: 220
  Implied bound: 59
  Clique: 659
  MIR: 81
  Flow cover: 465

Explored 0 nodes (11688 simplex iterations) in 3.46 seconds
Thread count was 16 (of 2 available processors)

Optimal solution found (tolerance 1.00e-04)
Best objective 0.000000000000e+00, best bound 0.000000000000e+00, gap 0.0%
Parameter OutputFlag unchanged
   Value: 1  Min: 0  Max: 1  Default: 1
Changed value of parameter Threads to 12
   Prev: 0  Min: 0  Max: 1024  Default: 0
Optimize a model with 5012 rows, 3408 columns and 13812 nonzeros
Coefficient statistics:
  Matrix range    [1e-03, 1e+07]
  Objective range [1e+00, 1e+00]
  Bounds range    [1e+00, 1e+00]
  RHS range       [2e+01, 1e+07]
Presolve time: 0.11s
Presolved: 5012 rows, 3408 columns, 13812 nonzeros

Warning: Thread count (12) is larger than core count (2)
         Reduce the value of the Threads parameter to improve performance

Variable types: 1804 continuous, 1604 integer (1604 binary)

Root relaxation: objective 0.000000e+00, 1416 iterations, 0.13 seconds

    Nodes    |    Current Node    |     Objective Bounds      |     Work
 Expl Unexpl |  Obj  Depth IntInf | Incumbent    BestBd   Gap | It/Node Time

     0     0    0.00000    0   56          -    0.00000      -     -    1s
     0     0    0.00000    0  281          -    0.00000      -     -    2s
     0     0    0.00000    0  297          -    0.00000      -     -    3s
H    0     0                       0.0000000    0.00000  0.00%     -    3s

Cutting planes:
  Gomory: 6
  Cover: 220
  Implied bound: 59
  Clique: 659
  MIR: 81
  Flow cover: 465

Explored 0 nodes (11688 simplex iterations) in 3.34 seconds
Thread count was 12 (of 2 available processors)

Optimal solution found (tolerance 1.00e-04)
Best objective 0.000000000000e+00, best bound 0.000000000000e+00, gap 0.0%

Gurobi 6.5.1 (win64) logging started 05/25/16 16:06:26

Parameter OutputFlag unchanged
   Value: 1  Min: 0  Max: 1  Default: 1
Changed value of parameter Threads to 12
   Prev: 0  Min: 0  Max: 1024  Default: 0
Optimize a model with 3809 rows, 2606 columns and 10409 nonzeros
Coefficient statistics:
  Matrix range    [1e-03, 1e+07]
  Objective range [1e+00, 1e+00]
  Bounds range    [1e+00, 1e+00]
  RHS range       [2e+01, 1e+07]
Presolve removed 3 rows and 2 columns
Presolve time: 0.36s
Presolved: 3806 rows, 2604 columns, 10402 nonzeros

Warning: Thread count (12) is larger than core count (2)
         Reduce the value of the Threads parameter to improve performance

Variable types: 1402 continuous, 1202 integer (1202 binary)

Root relaxation: objective 0.000000e+00, 1093 iterations, 0.22 seconds

    Nodes    |    Current Node    |     Objective Bounds      |     Work
 Expl Unexpl |  Obj  Depth IntInf | Incumbent    BestBd   Gap | It/Node Time

     0     0    0.00000    0   25          -    0.00000      -     -    2s
     0     0    0.00000    0  325          -    0.00000      -     -    3s
     0     0    0.00000    0  325          -    0.00000      -     -    5s
     0     0    0.07172    0  358          -    0.07172      -     -    5s
     0     0    0.07172    0  497          -    0.07172      -     -    6s
     0     0    0.07172    0  402          -    0.07172      -     -    7s
     0     0    0.07172    0  227          -    0.07172      -     -    8s
     0     2    0.07172    0   86          -    0.07172      -     -   11s
    29    45   20.60000   11  174          -   20.60000      -   286   15s
   233   152   20.60000   20  236          -   20.60000      -   163   20s
   638   370   20.60000   24  112          -   20.60000      -   151   27s
   823   473 infeasible   38               -   20.60000      -   136   31s
  1111   551   20.60000   13  206          -   20.60000      -   128   37s
  1327   613 infeasible   31               -   20.60000      -   125   40s
  1692   676 infeasible   36               -   20.60000      -   113   45s
  1999   713   20.60000   26  156          -   20.60000      -   110   50s
  2409   763   20.60000   27  104          -   20.60000      -   103   55s
  2739   766   20.60000   39  152          -   20.60000      -   104   61s
  3229   748   20.60000   64  139          -   20.60000      -  97.8   66s
  3696   830   20.60000   54  107          -   20.60000      -  96.0   73s
  3998   886   20.60000   64  125          -   20.60000      -  98.5   81s
  4369   925   20.60000   76  150          -   20.60000      -   100   90s
  4742   910 infeasible   80               -   20.60000      -   101  101s
  5161   919   20.60000   72  125          -   20.60000      -   100  111s
  5565   925 infeasible   34               -   20.60000      -   101  123s
  6023   954   20.60000   33  104          -   20.60000      -   102  135s
  6494   984 infeasible   40               -   20.60000      -   103  149s
  6869   987 infeasible   20               -   20.60000      -   106  167s
  7300   967   20.60000   20   83          -   20.60000      -   109  181s
  7782   985 infeasible   14               -   20.60000      -   111  199s
  8427  1042 infeasible   26               -   20.60000      -   113  219s
  8915  1174   20.60000    6  361          -   20.60000      -   113  220s
  9027  1206   20.60000   54  154          -   20.60000      -   114  225s
  9030  1210   20.60000   13  167          -   20.60000      -   1.0  234s
  9031  1211   42.90000   13  331          -   20.60000      -   1.1  236s
  9033  1212   79.00000   14  355          -   20.60000      -   1.2  240s
  9036  1212   20.60000   16  218          -   20.60000      -   1.5  252s
  9040  1211   20.60000   17  216          -   20.60000      -   1.6  257s
  9170  1168   20.60000   16  329          -   20.60000      -   2.1  269s
  9615  1049 infeasible  117               -   20.60000      -   4.9  295s
  9718  1023   20.60000   22  237          -   20.60000      -   9.2  319s
 11334  1581 infeasible   26               -   20.60000      -  17.8  351s
 11534  1461   20.60000   63  169          -   20.60000      -  23.1  385s
 15461  2983 infeasible   84               -   20.60000      -  35.6  419s
 15694  2901 infeasible   77               -   20.60000      -  40.6  468s
 16622  2971 infeasible   66               -   20.60000      -  45.0  527s
 23141  4335 infeasible   65               -   20.60000      -  45.7  562s
 23397  4132 infeasible   92               -   20.60000      -  47.5  599s
 23575  4133 infeasible   64               -   20.60000      -  50.0  600s
 23611  4044   20.60000   96  214          -   20.60000      -  50.7  648s
 28872  5235 infeasible   78               -   20.60000      -  52.2  691s
 29069  5136   20.60000   78  166          -   20.60000      -  54.1  736s
 35562  6387 infeasible  120               -   20.60000      -  53.0  767s
 35767  6166 infeasible   82               -   20.60000      -  54.1  787s
 35999  5918 infeasible  117               -   20.60000      -  55.2  808s

Gurobi 6.5.1 (win64) logging started 05/27/16 16:21:26

Parameter OutputFlag unchanged
   Value: 1  Min: 0  Max: 1  Default: 1
Changed value of parameter Threads to 4
   Prev: 0  Min: 0  Max: 1024  Default: 0
Optimize a model with 5012 rows, 3408 columns and 13812 nonzeros
Coefficient statistics:
  Matrix range    [1e-03, 1e+07]
  Objective range [0e+00, 0e+00]
  Bounds range    [1e+00, 1e+00]
  RHS range       [2e+01, 1e+07]
Presolve time: 0.44s
Presolved: 5012 rows, 3408 columns, 13812 nonzeros

Warning: Thread count (4) is larger than core count (2)
         Reduce the value of the Threads parameter to improve performance

Variable types: 1804 continuous, 1604 integer (1604 binary)

Root relaxation: objective 0.000000e+00, 1982 iterations, 0.44 seconds

    Nodes    |    Current Node    |     Objective Bounds      |     Work
 Expl Unexpl |  Obj  Depth IntInf | Incumbent    BestBd   Gap | It/Node Time

     0     0    0.00000    0   50          -    0.00000      -     -    3s
     0     0    0.00000    0  150          -    0.00000      -     -    4s
     0     0    0.00000    0  169          -    0.00000      -     -    4s
     0     0    0.00000    0  147          -    0.00000      -     -    4s
     0     0    0.00000    0   97          -    0.00000      -     -    4s
     0     0    0.00000    0   99          -    0.00000      -     -    4s
     0     0    0.00000    0   62          -    0.00000      -     -    4s
     0     0    0.00000    0   50          -    0.00000      -     -    4s
     0     0    0.00000    0   26          -    0.00000      -     -    6s
     0     0    0.00000    0   36          -    0.00000      -     -    6s
     0     0    0.00000    0   32          -    0.00000      -     -    6s
     0     0    0.00000    0   21          -    0.00000      -     -    6s
     0     0    0.00000    0   32          -    0.00000      -     -    6s
     0     0    0.00000    0   16          -    0.00000      -     -    6s
     0     0    0.00000    0   16          -    0.00000      -     -    6s
     0     0    0.00000    0   17          -    0.00000      -     -    6s
     0     0    0.00000    0   19          -    0.00000      -     -    6s
     0     0    0.00000    0   19          -    0.00000      -     -    8s
     0     0    0.00000    0   19          -    0.00000      -     -   10s
     0     2    0.00000    0   19          -    0.00000      -     -   16s
   129   124    0.00000   42   39          -    0.00000      -   228   20s
   207   191 infeasible   70               -    0.00000      -   363   25s
   396   325 infeasible  131               -    0.00000      -   275   30s
   625   392 infeasible  167               -    0.00000      -   252   37s
   720   377 infeasible   19               -    0.00000      -   269   42s
   826   394    0.00000    9  507          -    0.00000      -   268   45s
  1210   460    0.00000   31   29          -    0.00000      -   221   50s
  1517   462    0.00000   19  125          -    0.00000      -   194   56s
  2079   535    0.00000   11   21          -    0.00000      -   167   61s
  2917   573    0.00000    7  263          -    0.00000      -   132   68s
  3189   546 infeasible   11               -    0.00000      -   127   72s
  3708   591 infeasible   31               -    0.00000      -   117   76s
  4282   602    0.00000   31   23          -    0.00000      -   114   85s
  4710   586    0.00000   13  112          -    0.00000      -   116   93s
  5181   620    0.00000   14  554          -    0.00000      -   110   97s
  5460   611 infeasible   20               -    0.00000      -   108  101s
  5778   649    0.00000   21   34          -    0.00000      -   107  107s
  6054   722    0.00000  150   19          -    0.00000      -   105  113s
  6056   723    0.00000   37   36          -    0.00000      -   105  115s
  6062   727    0.00000   30   12          -    0.00000      -   105  120s
H 6063   691                       0.0000000    0.00000  0.00%   105  123s

Cutting planes:
  Gomory: 1
  Cover: 98
  Implied bound: 7
  Clique: 545
  MIR: 11
  Flow cover: 187

Explored 6063 nodes (696748 simplex iterations) in 123.57 seconds
Thread count was 4 (of 2 available processors)

Optimal solution found (tolerance 1.00e-04)
Best objective 0.000000000000e+00, best bound 0.000000000000e+00, gap 0.0%
Parameter OutputFlag unchanged
   Value: 1  Min: 0  Max: 1  Default: 1
Changed value of parameter Threads to 4
   Prev: 0  Min: 0  Max: 1024  Default: 0
Optimize a model with 5012 rows, 3408 columns and 13812 nonzeros
Coefficient statistics:
  Matrix range    [1e-03, 1e+07]
  Objective range [0e+00, 0e+00]
  Bounds range    [1e+00, 1e+00]
  RHS range       [2e+01, 1e+07]
Presolve time: 0.12s
Presolved: 5012 rows, 3408 columns, 13812 nonzeros

Warning: Thread count (4) is larger than core count (2)
         Reduce the value of the Threads parameter to improve performance

Variable types: 1804 continuous, 1604 integer (1604 binary)

Root relaxation: objective 0.000000e+00, 1554 iterations, 0.12 seconds

    Nodes    |    Current Node    |     Objective Bounds      |     Work
 Expl Unexpl |  Obj  Depth IntInf | Incumbent    BestBd   Gap | It/Node Time

     0     0    0.00000    0   19          -    0.00000      -     -    2s
     0     0    0.00000    0  378          -    0.00000      -     -    2s
     0     0    0.00000    0  378          -    0.00000      -     -    4s
     0     0    0.00000    0  383          -    0.00000      -     -    4s
     0     0    0.00000    0   19          -    0.00000      -     -    7s
     0     2    0.00000    0    7          -    0.00000      -     -   10s
   245   140    0.00000   87   36          -    0.00000      -  78.2   15s
  1032   131    0.00000   31    8          -    0.00000      -  40.0   20s
  1909   133    0.00000   67   31          -    0.00000      -  30.6   25s
  3014   151 infeasible   68               -    0.00000      -  29.9   31s
  4214   151    0.00000   82   33          -    0.00000      -  24.0   35s
  4917   137 infeasible   78               -    0.00000      -  22.0   48s
  5481   114    0.00000   81   17          -    0.00000      -  21.5   52s
  6466   116    0.00000    9   58          -    0.00000      -  19.8   55s
  7534   154    0.00000   21   71          -    0.00000      -  20.8   61s
  7619   127    0.00000   74   29          -    0.00000      -  22.4   65s
  7938   208    0.00000    7   30          -    0.00000      -  24.0   72s
  7940   209    0.00000   83    7          -    0.00000      -  24.0   76s
  7942   211    0.00000   29   27          -    0.00000      -  24.0   80s
  7946   213    0.00000    6   41          -    0.00000      -  23.9   88s
  7948   215    0.00000   22   41          -    0.00000      -  23.9   91s
  7949   215 infeasible   14               -    0.00000      -   6.0   96s
  7951   217    0.00000   15   39          -    0.00000      -   6.3  103s
  7952   217    0.00000   15  299          -    0.00000      -   6.3  105s
  7958   217 infeasible   18               -    0.00000      -   6.5  111s
  7961   220    0.00000   19   36          -    0.00000      -   6.7  115s
  7982   222    0.00000   23   52          -    0.00000      -   8.3  123s
  8002   226    0.00000   24  291          -    0.00000      -  11.1  136s
  8007   221 infeasible   24               -    0.00000      -  15.4  159s
  8020   224 infeasible   25               -    0.00000      -  17.1  164s
  8102   239 infeasible   29               -    0.00000      -  21.1  185s
  8251   230    0.00000   33  170          -    0.00000      -  27.5  195s
  8574   195 infeasible   33               -    0.00000      -  29.6  210s
  8595   155 infeasible   26               -    0.00000      -  30.7  216s
  9049   233 infeasible   36               -    0.00000      -  32.8  228s
  9403   239 infeasible   88               -    0.00000      -  35.5  232s
  9501   157 infeasible   81               -    0.00000      -  37.1  251s
  9584   133 infeasible   65               -    0.00000      -  38.5  278s
  9847   115 infeasible   33               -    0.00000      -  40.5  296s
  9935   111    0.00000   29  145          -    0.00000      -  42.1  305s
 10146   122 infeasible   34               -    0.00000      -  47.6  316s
 10188   105 infeasible   27               -    0.00000      -  50.0  353s
 10231   104    0.00000   33   60          -    0.00000      -  53.7  367s
 10648   258 infeasible   34               -    0.00000      -  58.8  376s
 10852   262 infeasible   49               -    0.00000      -  63.3  391s
 10987   117 infeasible   36               -    0.00000      -  68.3  416s
 11059   113    0.00000   35   29          -    0.00000      -  71.1  434s
 11634   285 infeasible   34               -    0.00000      -  75.0  449s
 11686   241 infeasible   34               -    0.00000      -  76.0  461s
 11734   166    0.00000   35   75          -    0.00000      -  76.1  467s
 12134   231 infeasible   54               -    0.00000      -  77.1  484s
 12200   198 infeasible   62               -    0.00000      -  78.5  501s
 12763   355 infeasible  123               -    0.00000      -  82.0  536s
 12811   282 infeasible   64               -    0.00000      -  83.2  548s
 13261   311 infeasible   68               -    0.00000      -  83.7  559s
 13354   294    0.00000   96   51          -    0.00000      -  83.6  582s
*13443    17             153       0.0000000    0.00000  0.00%  83.9  582s

Cutting planes:
  Learned: 10
  Gomory: 9
  Cover: 53
  Implied bound: 10
  Clique: 649
  MIR: 29
  Flow cover: 205

Explored 14113 nodes (1394433 simplex iterations) in 582.70 seconds
Thread count was 4 (of 2 available processors)

Optimal solution found (tolerance 1.00e-04)
Best objective 0.000000000000e+00, best bound 0.000000000000e+00, gap 0.0%
Parameter OutputFlag unchanged
   Value: 1  Min: 0  Max: 1  Default: 1
Changed value of parameter Threads to 4
   Prev: 0  Min: 0  Max: 1024  Default: 0
Optimize a model with 5012 rows, 3408 columns and 13812 nonzeros
Coefficient statistics:
  Matrix range    [1e-03, 1e+07]
  Objective range [0e+00, 0e+00]
  Bounds range    [1e+00, 1e+00]
  RHS range       [2e+01, 1e+07]
Presolve removed 3 rows and 2 columns
Presolve time: 0.16s
Presolved: 5009 rows, 3406 columns, 13805 nonzeros

Warning: Thread count (4) is larger than core count (2)
         Reduce the value of the Threads parameter to improve performance

Variable types: 1803 continuous, 1603 integer (1603 binary)

Root relaxation: objective 0.000000e+00, 1500 iterations, 0.10 seconds

    Nodes    |    Current Node    |     Objective Bounds      |     Work
 Expl Unexpl |  Obj  Depth IntInf | Incumbent    BestBd   Gap | It/Node Time

     0     0    0.00000    0   11          -    0.00000      -     -    1s
     0     0    0.00000    0  152          -    0.00000      -     -    2s
     0     0    0.00000    0  131          -    0.00000      -     -    2s
     0     0    0.00000    0   98          -    0.00000      -     -    2s
     0     0    0.00000    0  102          -    0.00000      -     -    3s
     0     0    0.00000    0   99          -    0.00000      -     -    3s
     0     0    0.00000    0   98          -    0.00000      -     -    3s
     0     0    0.00000    0   19          -    0.00000      -     -    4s
     0     0    0.00000    0   22          -    0.00000      -     -    4s
     0     0    0.00000    0    3          -    0.00000      -     -    5s
     0     0    0.00000    0   36          -    0.00000      -     -    5s
     0     0    0.00000    0   29          -    0.00000      -     -    6s
     0     0    0.00000    0   29          -    0.00000      -     -    7s
     0     2    0.00000    0   29          -    0.00000      -     -    9s
     9    10    0.00000    5   28          -    0.00000      -   539   10s
   233    82    0.00000   43  103          -    0.00000      -   169   15s
   732   186 infeasible   21               -    0.00000      -   131   20s
  1154   196    0.00000   62    7          -    0.00000      -   103   25s
  2111   200 infeasible   50               -    0.00000      -  77.0   30s
  3004   149    0.00000   25   74          -    0.00000      -  69.3   35s
  3720   160    0.00000   19    9          -    0.00000      -  65.4   40s
  4224   214    0.00000   31   33          -    0.00000      -  67.0   45s
  4850   303    0.00000    8   29          -    0.00000      -  62.7   50s
  4863   312    0.00000   10   18          -    0.00000      -  62.6   55s
  4869   316    0.00000   15   26          -    0.00000      -  62.5   63s
  4871   317    0.00000   22   26          -    0.00000      -  62.5   66s
  4873   318 infeasible   16               -    0.00000      -  11.4   87s
  4876   320    0.00000   18   74          -    0.00000      -  11.5   90s
  4881   323    0.00000   20   83          -    0.00000      -  11.7   95s
  4913   319    0.00000   22   72          -    0.00000      -  12.0  111s
  4927   318    0.00000   23   82          -    0.00000      -  13.7  115s
  5204   237 infeasible   29               -    0.00000      -  20.0  123s
  5334   221    0.00000   29   94          -    0.00000      -  21.8  128s
  5485   165 infeasible   34               -    0.00000      -  25.2  135s
  5513   159 infeasible   28               -    0.00000      -  30.8  145s
  5545   166    0.00000   41   16          -    0.00000      -  36.2  150s
  5851    41    0.00000   45   12          -    0.00000      -  36.7  158s
  6333    80    0.00000   32  159          -    0.00000      -  37.8  164s
  7010   154 infeasible   46               -    0.00000      -  39.0  167s
  7149   116 infeasible   37               -    0.00000      -  38.7  170s
  7873   117 infeasible   45               -    0.00000      -  41.0  175s
  7955    37 infeasible   82               -    0.00000      -  41.1  191s
  8039    28 infeasible   70               -    0.00000      -  47.0  203s
  8061    26 infeasible   35               -    0.00000      -  49.2  224s
  8080    28 infeasible   39               -    0.00000      -  52.4  238s
  8295   104 infeasible   46               -    0.00000      -  58.7  269s
  8324   104    0.00000   34   55          -    0.00000      -  60.8  277s
  8629   166    0.00000   56   54          -    0.00000      -  66.8  288s
  9127   303 infeasible   68               -    0.00000      -  70.3  296s
  9547   386 infeasible   74               -    0.00000      -  71.2  305s
  9614   325 infeasible   57               -    0.00000      -  71.0  317s
 10740   777 infeasible   85               -    0.00000      -  68.6  331s
 10861   743 infeasible   90               -    0.00000      -  69.4  338s
 11738  1059 infeasible   99               -    0.00000      -  67.4  349s
 11933  1080 infeasible  150               -    0.00000      -  66.9  353s
 12151  1077 infeasible  160               -    0.00000      -  66.7  356s
 12820  1127 infeasible  153               -    0.00000      -  65.7  361s
 13228  1142 infeasible  202               -    0.00000      -  65.1  365s
 13480   900 infeasible  202               -    0.00000      -  65.0  373s
 13726   930    0.00000  121   10          -    0.00000      -  64.7  375s
 14465   969 infeasible  185               -    0.00000      -  63.1  380s
 14676   990 infeasible  158               -    0.00000      -  62.8  388s
 14916   842 infeasible  243               -    0.00000      -  63.4  396s
 15084   824 infeasible   95               -    0.00000      -  63.0  403s
 15651  1060 infeasible   87               -    0.00000      -  62.2  405s
 15996   862 infeasible  147               -    0.00000      -  61.7  411s
 16838  1053 infeasible  209               -    0.00000      -  60.3  415s
 17090   801 infeasible  144               -    0.00000      -  60.2  421s
 17271   656 infeasible  220               -    0.00000      -  60.1  434s
 17654   799 infeasible   96               -    0.00000      -  59.7  437s
 18348   718 infeasible   89               -    0.00000      -  58.3  440s
 19474   639 infeasible  152               -    0.00000      -  55.7  445s
 19585   606 infeasible  274               -    0.00000      -  55.8  460s
 19915   720    0.00000   36   16          -    0.00000      -  57.2  466s
 20595   925 infeasible  102               -    0.00000      -  56.3  470s
 21071   821 infeasible   85               -    0.00000      -  55.5  475s
 21428   734 infeasible  106               -    0.00000      -  54.9  481s
 21702   802 infeasible   92               -    0.00000      -  54.3  636s
 21895   646 infeasible  240               -    0.00000      -  54.0  644s
 22448   796 infeasible   85               -    0.00000      -  53.7  646s
 22541   715 infeasible  150               -    0.00000      -  53.5  651s
 23569   639 infeasible   80               -    0.00000      -  52.4  659s
 24424  1061 infeasible   98               -    0.00000      -  51.5  661s
 24650   922 infeasible  277               -    0.00000      -  51.3  665s
 24986   620 infeasible  122               -    0.00000      -  52.3  680s
 25072   598 infeasible   65               -    0.00000      -  52.6  687s
 25155   563    0.00000   66   25          -    0.00000      -  53.0  697s
 26307  1032 infeasible   68               -    0.00000      -  52.2  701s
 26424   968 infeasible   73               -    0.00000      -  52.2  705s
 27720  1196 infeasible  140               -    0.00000      -  50.8  710s
 28038   988 infeasible   79               -    0.00000      -  50.5  715s
 28122   956 infeasible  103               -    0.00000      -  50.6  723s
 28482   946 infeasible   76               -    0.00000      -  50.3  726s
 28725   904 infeasible  135               -    0.00000      -  50.2  730s
 30070   997 infeasible  100               -    0.00000      -  49.3  737s
 30712  1189 infeasible  177               -    0.00000      -  49.0  741s
 31651  1292 infeasible  135               -    0.00000      -  48.2  746s
 31988  1139    0.00000  132   12          -    0.00000      -  47.8  756s
 32928  1346 infeasible  163               -    0.00000      -  47.1  762s
 33436  1264 infeasible  154               -    0.00000      -  46.7  765s
 33906  1158 infeasible   98               -    0.00000      -  46.3  773s
 34033  1088 infeasible   84               -    0.00000      -  46.4  777s
 35123  1376 infeasible  152               -    0.00000      -  45.9  782s
 35399  1270 infeasible  165               -    0.00000      -  45.8  786s
 35938  1228 infeasible  193               -    0.00000      -  45.4  790s
 36540  1097 infeasible   82               -    0.00000      -  45.1  797s
 37245  1020 infeasible   69               -    0.00000      -  44.7  802s
 37324   938 infeasible   81               -    0.00000      -  44.8  805s
 37774   806 infeasible   86               -    0.00000      -  44.5  811s
 38618   932 infeasible   93               -    0.00000      -  44.1  816s
 38979   742 infeasible   93               -    0.00000      -  44.0  821s
 39151   574 infeasible   74               -    0.00000      -  44.0  825s
 39320   433 infeasible  114               -    0.00000      -  44.1  844s
 39387   369 infeasible  120               -    0.00000      -  44.3  849s
 39677   415    0.00000   51   40          -    0.00000      -  45.0  855s
 40279   617    0.00000  115    9          -    0.00000      -  45.3  866s
*40294    10             121       0.0000000    0.00000  0.00%  45.4  866s

Cutting planes:
  Learned: 5
  Gomory: 17
  Cover: 179
  Implied bound: 34
  Clique: 463
  MIR: 14
  Flow cover: 256

Explored 40344 nodes (2180170 simplex iterations) in 866.29 seconds
Thread count was 4 (of 2 available processors)

Optimal solution found (tolerance 1.00e-04)
Best objective 0.000000000000e+00, best bound 0.000000000000e+00, gap 0.0%
Parameter OutputFlag unchanged
   Value: 1  Min: 0  Max: 1  Default: 1
Changed value of parameter Threads to 4
   Prev: 0  Min: 0  Max: 1024  Default: 0
Optimize a model with 5012 rows, 3408 columns and 13812 nonzeros
Coefficient statistics:
  Matrix range    [1e-03, 1e+07]
  Objective range [0e+00, 0e+00]
  Bounds range    [1e+00, 1e+00]
  RHS range       [2e+01, 1e+07]
Presolve removed 3 rows and 2 columns
Presolve time: 0.16s
Presolved: 5009 rows, 3406 columns, 13805 nonzeros

Warning: Thread count (4) is larger than core count (2)
         Reduce the value of the Threads parameter to improve performance

Variable types: 1803 continuous, 1603 integer (1603 binary)

Root relaxation: objective 0.000000e+00, 1501 iterations, 0.22 seconds

    Nodes    |    Current Node    |     Objective Bounds      |     Work
 Expl Unexpl |  Obj  Depth IntInf | Incumbent    BestBd   Gap | It/Node Time

     0     0    0.00000    0   48          -    0.00000      -     -    2s
     0     0    0.00000    0  327          -    0.00000      -     -    2s
     0     0    0.00000    0  339          -    0.00000      -     -    3s
     0     0    0.00000    0  467          -    0.00000      -     -    4s
     0     0    0.00000    0  291          -    0.00000      -     -    5s
     0     0    0.00000    0   17          -    0.00000      -     -    7s
     0     0    0.00000    0   17          -    0.00000      -     -    8s
     0     0    0.00000    0    4          -    0.00000      -     -   10s
     0     0    0.00000    0    3          -    0.00000      -     -   11s
     0     0    0.00000    0    3          -    0.00000      -     -   12s
     0     0    0.00000    0    4          -    0.00000      -     -   12s
     0     0    0.00000    0    4          -    0.00000      -     -   13s
     0     2    0.00000    0    4          -    0.00000      -     -   19s
     2     4    0.00000    2  461          -    0.00000      -  3166   21s
    20    17    0.00000    9  481          -    0.00000      -   608   25s
    47    29    0.00000   12  250          -    0.00000      -  1077   30s
   170    66    0.00000   16  258          -    0.00000      -   455   37s
   261    94    0.00000   25  138          -    0.00000      -   410   42s
   305   113    0.00000   31  143          -    0.00000      -   454   46s
   517   153    0.00000    8  427          -    0.00000      -   360   53s
   703   188    0.00000   11  149          -    0.00000      -   294   55s
  1118   242    0.00000   21  108          -    0.00000      -   211   60s
  1776   342 infeasible   31               -    0.00000      -   149   65s
  1923   346    0.00000   71    6          -    0.00000      -   147   70s
  2169   364 infeasible   87               -    0.00000      -   141   75s
  2630   397    0.00000   80   16          -    0.00000      -   134   80s
  2874   420    0.00000   15   75          -    0.00000      -   136   87s
  2975   395 infeasible   21               -    0.00000      -   140   98s
  3291   406 infeasible   30               -    0.00000      -   132  102s
  3639   396 infeasible   35               -    0.00000      -   131  108s
  3880   434 infeasible   44               -    0.00000      -   131  114s
  4128   497    0.00000   80    4          -    0.00000      -   132  117s
  4130   498    0.00000   17   33          -    0.00000      -   131  121s
  4132   500    0.00000   82   71          -    0.00000      -   131  127s
  4133   500    0.00000   43    4          -    0.00000      -   131  130s
  4138   504    0.00000   35  122          -    0.00000      -   131  136s
  4139   504    0.00000    9   73          -    0.00000      -   131  142s
  4143   507    0.00000   21    4          -    0.00000      -   131  147s
  4144   510    0.00000   10  151          -    0.00000      -  11.2  150s
  4147   510    0.00000   11  244          -    0.00000      -  11.7  155s
  4151   510    0.00000   13  231          -    0.00000      -  12.2  169s
  4154   511    0.00000   14  230          -    0.00000      -  13.7  176s
  4158   512 infeasible   15               -    0.00000      -  15.2  198s
  4162   513    0.00000   15  228          -    0.00000      -  15.4  205s
  4228   514    0.00000   19   27          -    0.00000      -  19.2  215s
  4371   468 infeasible   20               -    0.00000      -  28.8  225s
  4402   452    0.00000   21  280          -    0.00000      -  33.0  267s
  4423   449    0.00000   23  271          -    0.00000      -  62.0  283s
  4439   447 infeasible   26               -    0.00000      -  72.2  300s
  4458   447    0.00000   29   28          -    0.00000      -  83.8  313s
  4483   448    0.00000   23   54          -    0.00000      -  87.9  368s
  4495   433 infeasible   24               -    0.00000      -  93.0  382s
  4651   406 infeasible   30               -    0.00000      -   104  395s
  4786   351 infeasible   30               -    0.00000      -   114  417s
  4831   329 infeasible   26               -    0.00000      -   119  435s
  4972   288 infeasible   40               -    0.00000      -   128  479s
  5003   263    0.00000   42  117          -    0.00000      -   146  525s
  5036   253    0.00000   15  196          -    0.00000      -   150  546s
  5195   212 infeasible   30               -    0.00000      -   161  583s
  5256   187 infeasible   21               -    0.00000      -   169  650s
  5294   166    0.00000   30   40          -    0.00000      -   212  667s
  5325   167    0.00000   42  122          -    0.00000      -   220  693s
  5363   146 infeasible   40               -    0.00000      -   225  732s
  5408   130    0.00000   39  126          -    0.00000      -   235  758s
  5576   132 infeasible   40               -    0.00000      -   245  794s
  5624   119    0.00000   51  161          -    0.00000      -   276  839s
  5657   102 infeasible   53               -    0.00000      -   283  883s
  5711    99 infeasible   70               -    0.00000      -   295  914s
  5979   138 infeasible   40               -    0.00000      -   304  956s
  6067   136    0.00000   72   51          -    0.00000      -   313  993s
  6115   136    0.00000   80   34          -    0.00000      -   328 1035s
  6170   146    0.00000   58  102          -    0.00000      -   339 1060s
  6217   132 infeasible   40               -    0.00000      -   353 1095s
  6314   138    0.00000   80  106          -    0.00000      -   363 1130s
  6635   204 infeasible   80               -    0.00000      -   372 1161s
  6733   186    0.00000   94  101          -    0.00000      -   379 1204s
  6813   170 infeasible   99               -    0.00000      -   392 1261s
  6895   135 infeasible   75               -    0.00000      -   405 1311s
  7008   109 infeasible   99               -    0.00000      -   415 1353s
  7090   103 infeasible   80               -    0.00000      -   423 1396s
  7447   156 infeasible   80               -    0.00000      -   431 1406s
  7538   101 infeasible   73               -    0.00000      -   428 1460s
  7651    52 infeasible   80               -    0.00000      -   441 1508s
  7784    48 infeasible   61               -    0.00000      -   448 1561s
  7866    37 infeasible   70               -    0.00000      -   460 1623s
  7913    19    0.00000   76  206          -    0.00000      -   473 1676s
  8387   123 infeasible   90               -    0.00000      -   472 1707s
  8511    67 infeasible   47               -    0.00000      -   473 1748s
  8647    30    0.00000   75   80          -    0.00000      -   475 1812s
  9811   311 infeasible   74               -    0.00000      -   455 1854s
  9916   283 infeasible   43               -    0.00000      -   460 1922s
 10105   264    0.00000  109   76          -    0.00000      -   461 1956s
 11046   582 infeasible   62               -    0.00000      -   436 1964s
 11164   499 infeasible   55               -    0.00000      -   433 1993s
 11985   591 infeasible   60               -    0.00000      -   419 2012s
 12092   522 infeasible   51               -    0.00000      -   419 2031s
 12205   447 infeasible   40               -    0.00000      -   420 2065s
 12421   403 infeasible  123               -    0.00000      -   416 2073s
 12854   376 infeasible  100               -    0.00000      -   406 2091s
 13747   425 infeasible   90               -    0.00000      -   391 2123s
 14186   446 infeasible   60               -    0.00000      -   384 2139s
 14723   498 infeasible   90               -    0.00000      -   376 2142s
 14807   433 infeasible   83               -    0.00000      -   375 2174s
 14908   364    0.00000   22  108          -    0.00000      -   374 2198s
 15632   384 infeasible   30               -    0.00000      -   364 2226s
 16322   446 infeasible   85               -    0.00000      -   358 2257s
 16402   360 infeasible   27               -    0.00000      -   358 2264s
 16489   277 infeasible   27               -    0.00000      -   358 2268s
 16573   193 infeasible  217               -    0.00000      -   357 2274s
 16657   109 infeasible   47               -    0.00000      -   357 2283s
 16743    34 infeasible  153               -    0.00000      -   356 2308s
 16865    14 infeasible  140               -    0.00000      -   359 2360s
 17004    12 infeasible   18               -    0.00000      -   368 2427s
 17226     5    0.00000   18  158          -    0.00000      -   370 2480s
 18153   184    0.00000   60   66          -    0.00000      -   367 2510s
 18580   288 infeasible   70               -    0.00000      -   368 2526s
 19080   340 infeasible  123               -    0.00000      -   366 2539s
 19166   256 infeasible  108               -    0.00000      -   367 2562s
 19766   368 infeasible  140               -    0.00000      -   362 2566s
 19942   294 infeasible  102               -    0.00000      -   361 2583s
 20486   355 infeasible  110               -    0.00000      -   355 2586s
 20570   271 infeasible   99               -    0.00000      -   355 2591s
 20738   103 infeasible  189               -    0.00000      -   353 2601s
 20822    25 infeasible   55               -    0.00000      -   352 2630s
 20924    38    0.00000   32   95          -    0.00000      -   353 2696s
 20965    43    0.00000   42   48          -    0.00000      -   360 2759s
 21815   375 infeasible   36               -    0.00000      -   361 2855s
 21910   323 infeasible   44               -    0.00000      -   362 2885s
 21987   263 infeasible   52               -    0.00000      -   365 2928s
 22096   218 infeasible   40               -    0.00000      -   367 2970s
 22186   181    0.00000   48   98          -    0.00000      -   369 3028s
 23034   385 infeasible   51               -    0.00000      -   369 3034s
 23127   308 infeasible   92               -    0.00000      -   368 3065s
 23219   286 infeasible   50               -    0.00000      -   370 3160s
 23281   271 infeasible   29               -    0.00000      -   375 3233s
 23390   273    0.00000   34   93          -    0.00000      -   382 3286s
 24165   522 infeasible   50               -    0.00000      -   383 3335s
 24255   471 infeasible   62               -    0.00000      -   383 3392s
 24347   456    0.00000   45   84          -    0.00000      -   389 3455s
 24440   411    0.00000   64   63          -    0.00000      -   391 3503s
 25240   625 infeasible   60               -    0.00000      -   390 3523s
 25334   543 infeasible   50               -    0.00000      -   391 3544s
 25430   492 infeasible   61               -    0.00000      -   391 3580s
 25533   464 infeasible   51               -    0.00000      -   392 3643s
 25639   439 infeasible   36               -    0.00000      -   395 3685s
 26345   641    0.00000   80    8          -    0.00000      -   395 3714s
 26430   603 infeasible   82               -    0.00000      -   395 3762s
 26504   531 infeasible   70               -    0.00000      -   396 3820s
 27578   767 infeasible  130               -    0.00000      -   391 3832s
 27664   683 infeasible  104               -    0.00000      -   390 3836s
 27748   599 infeasible   68               -    0.00000      -   389 3861s
 27834   530 infeasible   69               -    0.00000      -   390 3911s
 27919   486    0.00000   34   72          -    0.00000      -   391 3986s
 27987   434 infeasible  113               -    0.00000      -   394 4037s
 28960   703 infeasible   76               -    0.00000      -   391 4068s
 29039   641 infeasible   51               -    0.00000      -   394 4098s
 29119   608 infeasible   89               -    0.00000      -   395 4155s
 29178   549    0.00000   34  166          -    0.00000      -   396 4194s
 29275   475    0.00000   50  119          -    0.00000      -   397 4220s
 30061   539    0.00000   41  106          -    0.00000      -   392 4252s
 30175   485    0.00000   48  114          -    0.00000      -   392 4301s
 31029   651 infeasible   37               -    0.00000      -   391 4311s
 31118   567 infeasible   67               -    0.00000      -   390 4320s
 31202   510 infeasible   68               -    0.00000      -   391 4374s
 31294   497 infeasible   49               -    0.00000      -   395 4442s
 31345   457    0.00000   30   33          -    0.00000      -   397 4487s
 32081   625 infeasible   54               -    0.00000      -   397 4496s
 32171   542 infeasible  152               -    0.00000      -   397 4526s
 32269   463 infeasible   54               -    0.00000      -   397 4583s
 32348   412 infeasible  125               -    0.00000      -   402 4641s
 32426   383    0.00000   35   52          -    0.00000      -   403 4697s
 32506   364    0.00000   30   85          -    0.00000      -   405 4748s
 33365   576    0.00000   30  154          -    0.00000      -   404 4777s
 33448   497 infeasible   35               -    0.00000      -   405 4805s
 33556   415 infeasible   41               -    0.00000      -   404 4817s
 33650   375 infeasible   42               -    0.00000      -   404 4884s
 33712   354    0.00000   36   78          -    0.00000      -   410 4951s
 33932   342 infeasible   36               -    0.00000      -   411 4995s
 34648   463 infeasible   81               -    0.00000      -   410 5039s
 34733   382    0.00000   77   83          -    0.00000      -   410 5078s
 35313   461 infeasible   61               -    0.00000      -   409 5082s
 35400   390 infeasible   42               -    0.00000      -   408 5132s
 35491   359 infeasible   37               -    0.00000      -   409 5210s
 35557   332    0.00000   36  251          -    0.00000      -   412 5267s
 36232   492 infeasible   40               -    0.00000      -   414 5284s
 36325   409 infeasible   70               -    0.00000      -   414 5310s
 36415   365 infeasible   43               -    0.00000      -   414 5381s
 36497   359    0.00000   32   87          -    0.00000      -   418 5446s
 36572   334    0.00000   43  139          -    0.00000      -   420 5503s
 37253   604 infeasible   27               -    0.00000      -   421 5582s
 37425   586 infeasible   30               -    0.00000      -   422 5637s
 38298   816 infeasible   71               -    0.00000      -   421 5674s
 38399   732 infeasible   52               -    0.00000      -   421 5704s
 38939   767 infeasible   59               -    0.00000      -   419 5733s
 39025   711 infeasible   75               -    0.00000      -   419 5776s
 39110   638 infeasible   40               -    0.00000      -   420 5812s
 39703   749 infeasible   78               -    0.00000      -   419 5844s
 39782   667    0.00000   61   97          -    0.00000      -   419 5884s
 39893   613 infeasible   51               -    0.00000      -   419 5925s
 40672   739 infeasible   55               -    0.00000      -   417 5980s
 40767   657 infeasible   62               -    0.00000      -   418 6008s
 40856   574 infeasible   58               -    0.00000      -   418 6030s
 40940   490 infeasible   72               -    0.00000      -   419 6046s
 41024   442 infeasible   54               -    0.00000      -   418 6128s
 41121   396    0.00000   36   97          -    0.00000      -   420 6170s
 41722   541 infeasible   76               -    0.00000      -   420 6189s
 41814   458 infeasible   51               -    0.00000      -   420 6199s
 41898   388 infeasible   54               -    0.00000      -   420 6238s
 41978   320    0.00000   33  124          -    0.00000      -   421 6276s
 42052   271 infeasible   65               -    0.00000      -   422 6327s
 42128   236 infeasible   30               -    0.00000      -   426 6390s
 42203   160 infeasible   34               -    0.00000      -   428 6438s
 42999   342 infeasible  120               -    0.00000      -   426 6449s
 43087   258 infeasible   51               -    0.00000      -   426 6481s
 43181   174 infeasible   50               -    0.00000      -   425 6504s
 43271   112 infeasible   48               -    0.00000      -   425 6540s
 43337    87 infeasible   35               -    0.00000      -   428 6648s
 43389    53 infeasible   30               -    0.00000      -   433 6708s
 44241   289 infeasible   52               -    0.00000      -   432 6732s
 44337   215 infeasible   68               -    0.00000      -   432 6760s
 44426   176 infeasible   43               -    0.00000      -   431 6801s
 44480    95 infeasible   43               -    0.00000      -   432 6844s
 45394   338 infeasible   58               -    0.00000      -   429 6854s
 45481   255 infeasible   56               -    0.00000      -   429 6868s
 45567   171 infeasible  129               -    0.00000      -   429 6889s
 45655    87 infeasible   89               -    0.00000      -   428 6911s
 45739    30 infeasible   49               -    0.00000      -   430 6977s
 45819    10 infeasible   36               -    0.00000      -   432 7025s
 45936    24    0.00000   30   31          -    0.00000      -   433 7071s
 46583   265 infeasible   30               -    0.00000      -   433 7115s
 46691   196 infeasible   39               -    0.00000      -   434 7160s
 47760   514 infeasible   60               -    0.00000      -   429 7171s
 47847   433 infeasible   40               -    0.00000      -   428 7196s
 47975   414    0.00000   56  228          -    0.00000      -   428 7251s
 48646   587 infeasible   40               -    0.00000      -   428 7289s
 48771   554 infeasible   49               -    0.00000      -   428 7349s
 48895   549    0.00000   62  220          -    0.00000      -   429 7403s
 49453   731 infeasible   70               -    0.00000      -   430 7460s
 49556   726 infeasible   40               -    0.00000      -   431 7516s
 50190   957 infeasible  110               -    0.00000      -   432 7576s
 50332   980    0.00000   67  200          -    0.00000      -   433 7623s
 50417   987 infeasible   88               -    0.00000      -   435 7675s
 51014  1257 infeasible   80               -    0.00000      -   436 7732s
 51106  1244    0.00000   45   61          -    0.00000      -   438 7802s
 51193  1238    0.00000   52  172          -    0.00000      -   440 7875s
 51275  1201    0.00000   57   94          -    0.00000      -   441 7925s
 51862  1347 infeasible   76               -    0.00000      -   441 7962s
 51964  1323    0.00000   62  315          -    0.00000      -   442 8020s
 52539  1481 infeasible  120               -    0.00000      -   443 8045s
 52644  1453 infeasible   63               -    0.00000      -   443 8120s
 52736  1465    0.00000   69   82          -    0.00000      -   446 8208s
*52796    17              44       0.0000000    0.00000  0.00%   450 8208s

Cutting planes:
  Learned: 6
  Gomory: 12
  Cover: 186
  Implied bound: 105
  Clique: 753
  MIR: 68
  Flow cover: 709
  Zero half: 6

Explored 52846 nodes (24395779 simplex iterations) in 8208.35 seconds
Thread count was 4 (of 2 available processors)

Optimal solution found (tolerance 1.00e-04)
Best objective 0.000000000000e+00, best bound 0.000000000000e+00, gap 0.0%
